  Framework.cpp
C:\Users\admin\Documents\GitHub\UI_Project_0514\UI_Project_0514\UI_Project_0514\Manager\ItemDataManager.h(34,44): warning C4267: 'return': 'size_t'에서 'int'(으)로 변환하면서 데이터가 손실될 수 있습니다.
  (소스 파일 'Framework.cpp'을(를) 컴파일하는 중)
  
  EquipPanel.cpp
C:\Users\admin\Documents\GitHub\UI_Project_0514\UI_Project_0514\UI_Project_0514\Inventory\EquipPanel.cpp(39,60): warning C4267: '인수': 'size_t'에서 'int'(으)로 변환하면서 데이터가 손실될 수 있습니다.
  (소스 파일 '/Inventory/EquipPanel.cpp'을(를) 컴파일하는 중)
  
C:\Users\admin\Documents\GitHub\UI_Project_0514\UI_Project_0514\UI_Project_0514\Inventory\EquipPanel.cpp(39,31): warning C4244: '인수': 'float'에서 'int'(으)로 변환하면서 데이터가 손실될 수 있습니다.
  (소스 파일 '/Inventory/EquipPanel.cpp'을(를) 컴파일하는 중)
  
C:\Users\admin\Documents\GitHub\UI_Project_0514\UI_Project_0514\UI_Project_0514\Inventory\EquipPanel.cpp(39,21): warning C4244: '인수': 'float'에서 'int'(으)로 변환하면서 데이터가 손실될 수 있습니다.
  (소스 파일 '/Inventory/EquipPanel.cpp'을(를) 컴파일하는 중)
  
  Goods.cpp
C:\Users\admin\Documents\GitHub\UI_Project_0514\UI_Project_0514\UI_Project_0514\Inventory\Goods.cpp(44,66): warning C4267: '인수': 'size_t'에서 'int'(으)로 변환하면서 데이터가 손실될 수 있습니다.
  (소스 파일 '/Inventory/Goods.cpp'을(를) 컴파일하는 중)
  
C:\Users\admin\Documents\GitHub\UI_Project_0514\UI_Project_0514\UI_Project_0514\Inventory\Goods.cpp(44,35): warning C4244: '인수': 'float'에서 'int'(으)로 변환하면서 데이터가 손실될 수 있습니다.
  (소스 파일 '/Inventory/Goods.cpp'을(를) 컴파일하는 중)
  
C:\Users\admin\Documents\GitHub\UI_Project_0514\UI_Project_0514\UI_Project_0514\Inventory\Goods.cpp(44,23): warning C4244: '인수': 'float'에서 'int'(으)로 변환하면서 데이터가 손실될 수 있습니다.
  (소스 파일 '/Inventory/Goods.cpp'을(를) 컴파일하는 중)
  
C:\Users\admin\Documents\GitHub\UI_Project_0514\UI_Project_0514\UI_Project_0514\Inventory\Goods.cpp(46,66): warning C4267: '인수': 'size_t'에서 'int'(으)로 변환하면서 데이터가 손실될 수 있습니다.
  (소스 파일 '/Inventory/Goods.cpp'을(를) 컴파일하는 중)
  
C:\Users\admin\Documents\GitHub\UI_Project_0514\UI_Project_0514\UI_Project_0514\Inventory\Goods.cpp(46,35): warning C4244: '인수': 'float'에서 'int'(으)로 변환하면서 데이터가 손실될 수 있습니다.
  (소스 파일 '/Inventory/Goods.cpp'을(를) 컴파일하는 중)
  
C:\Users\admin\Documents\GitHub\UI_Project_0514\UI_Project_0514\UI_Project_0514\Inventory\Goods.cpp(46,23): warning C4244: '인수': 'float'에서 'int'(으)로 변환하면서 데이터가 손실될 수 있습니다.
  (소스 파일 '/Inventory/Goods.cpp'을(를) 컴파일하는 중)
  
  InventoryPanel.cpp
C:\Users\admin\Documents\GitHub\UI_Project_0514\UI_Project_0514\UI_Project_0514\Inventory\InventoryPanel.cpp(40,60): warning C4267: '인수': 'size_t'에서 'int'(으)로 변환하면서 데이터가 손실될 수 있습니다.
  (소스 파일 '/Inventory/InventoryPanel.cpp'을(를) 컴파일하는 중)
  
C:\Users\admin\Documents\GitHub\UI_Project_0514\UI_Project_0514\UI_Project_0514\Inventory\InventoryPanel.cpp(40,31): warning C4244: '인수': 'float'에서 'int'(으)로 변환하면서 데이터가 손실될 수 있습니다.
  (소스 파일 '/Inventory/InventoryPanel.cpp'을(를) 컴파일하는 중)
  
C:\Users\admin\Documents\GitHub\UI_Project_0514\UI_Project_0514\UI_Project_0514\Inventory\InventoryPanel.cpp(40,21): warning C4244: '인수': 'float'에서 'int'(으)로 변환하면서 데이터가 손실될 수 있습니다.
  (소스 파일 '/Inventory/InventoryPanel.cpp'을(를) 컴파일하는 중)
  
  StorePanel.cpp
C:\Users\admin\Documents\GitHub\UI_Project_0514\UI_Project_0514\UI_Project_0514\Inventory\StorePanel.cpp(43,60): warning C4267: '인수': 'size_t'에서 'int'(으)로 변환하면서 데이터가 손실될 수 있습니다.
  (소스 파일 '/Inventory/StorePanel.cpp'을(를) 컴파일하는 중)
  
C:\Users\admin\Documents\GitHub\UI_Project_0514\UI_Project_0514\UI_Project_0514\Inventory\StorePanel.cpp(43,31): warning C4244: '인수': 'float'에서 'int'(으)로 변환하면서 데이터가 손실될 수 있습니다.
  (소스 파일 '/Inventory/StorePanel.cpp'을(를) 컴파일하는 중)
  
C:\Users\admin\Documents\GitHub\UI_Project_0514\UI_Project_0514\UI_Project_0514\Inventory\StorePanel.cpp(43,21): warning C4244: '인수': 'float'에서 'int'(으)로 변환하면서 데이터가 손실될 수 있습니다.
  (소스 파일 '/Inventory/StorePanel.cpp'을(를) 컴파일하는 중)
  
  GameManager.cpp
  GoodsManager.cpp
  ItemDataManager.cpp
  SceneManager.cpp
  Circle.cpp
C:\Users\admin\Documents\GitHub\UI_Project_0514\UI_Project_0514\UI_Project_0514\Objects\Basic\Circle.cpp(17,31): warning C4244: '인수': 'float'에서 'int'(으)로 변환하면서 데이터가 손실될 수 있습니다.
  (소스 파일 '/Objects/Basic/Circle.cpp'을(를) 컴파일하는 중)
  
C:\Users\admin\Documents\GitHub\UI_Project_0514\UI_Project_0514\UI_Project_0514\Objects\Basic\Circle.cpp(17,12): warning C4244: '인수': 'float'에서 'int'(으)로 변환하면서 데이터가 손실될 수 있습니다.
  (소스 파일 '/Objects/Basic/Circle.cpp'을(를) 컴파일하는 중)
  
C:\Users\admin\Documents\GitHub\UI_Project_0514\UI_Project_0514\UI_Project_0514\Objects\Basic\Circle.cpp(16,31): warning C4244: '인수': 'float'에서 'int'(으)로 변환하면서 데이터가 손실될 수 있습니다.
  (소스 파일 '/Objects/Basic/Circle.cpp'을(를) 컴파일하는 중)
  
C:\Users\admin\Documents\GitHub\UI_Project_0514\UI_Project_0514\UI_Project_0514\Objects\Basic\Circle.cpp(16,12): warning C4244: '인수': 'float'에서 'int'(으)로 변환하면서 데이터가 손실될 수 있습니다.
  (소스 파일 '/Objects/Basic/Circle.cpp'을(를) 컴파일하는 중)
  
  Rect.cpp
C:\Users\admin\Documents\GitHub\UI_Project_0514\UI_Project_0514\UI_Project_0514\Objects\Basic\Rect.cpp(22,18): warning C4244: '인수': 'float'에서 'int'(으)로 변환하면서 데이터가 손실될 수 있습니다.
  (소스 파일 '/Objects/Basic/Rect.cpp'을(를) 컴파일하는 중)
  
C:\Users\admin\Documents\GitHub\UI_Project_0514\UI_Project_0514\UI_Project_0514\Objects\Basic\Rect.cpp(22,8): warning C4244: '인수': 'float'에서 'int'(으)로 변환하면서 데이터가 손실될 수 있습니다.
  (소스 파일 '/Objects/Basic/Rect.cpp'을(를) 컴파일하는 중)
  
C:\Users\admin\Documents\GitHub\UI_Project_0514\UI_Project_0514\UI_Project_0514\Objects\Basic\Rect.cpp(21,14): warning C4244: '인수': 'float'에서 'int'(으)로 변환하면서 데이터가 손실될 수 있습니다.
  (소스 파일 '/Objects/Basic/Rect.cpp'을(를) 컴파일하는 중)
  
C:\Users\admin\Documents\GitHub\UI_Project_0514\UI_Project_0514\UI_Project_0514\Objects\Basic\Rect.cpp(21,7): warning C4244: '인수': 'float'에서 'int'(으)로 변환하면서 데이터가 손실될 수 있습니다.
  (소스 파일 '/Objects/Basic/Rect.cpp'을(를) 컴파일하는 중)
  
  InventoryScene.cpp
  TitleScene.cpp
  Button.cpp
C:\Users\admin\Documents\GitHub\UI_Project_0514\UI_Project_0514\UI_Project_0514\UI\Button.cpp(69,20): warning C4838: 'float'에서 'LONG'(으)로의 변환에는 축소 변환이 필요합니다.
  (소스 파일 '/UI/Button.cpp'을(를) 컴파일하는 중)
  
C:\Users\admin\Documents\GitHub\UI_Project_0514\UI_Project_0514\UI_Project_0514\UI\Button.cpp(69,20): warning C4244: '초기화 중': 'float'에서 'LONG'(으)로 변환하면서 데이터가 손실될 수 있습니다.
  (소스 파일 '/UI/Button.cpp'을(를) 컴파일하는 중)
  
C:\Users\admin\Documents\GitHub\UI_Project_0514\UI_Project_0514\UI_Project_0514\UI\Button.cpp(69,27): warning C4838: 'float'에서 'LONG'(으)로의 변환에는 축소 변환이 필요합니다.
  (소스 파일 '/UI/Button.cpp'을(를) 컴파일하는 중)
  
C:\Users\admin\Documents\GitHub\UI_Project_0514\UI_Project_0514\UI_Project_0514\UI\Button.cpp(69,27): warning C4244: '초기화 중': 'float'에서 'LONG'(으)로 변환하면서 데이터가 손실될 수 있습니다.
  (소스 파일 '/UI/Button.cpp'을(를) 컴파일하는 중)
  
C:\Users\admin\Documents\GitHub\UI_Project_0514\UI_Project_0514\UI_Project_0514\UI\Button.cpp(69,36): warning C4838: 'float'에서 'LONG'(으)로의 변환에는 축소 변환이 필요합니다.
  (소스 파일 '/UI/Button.cpp'을(를) 컴파일하는 중)
  
C:\Users\admin\Documents\GitHub\UI_Project_0514\UI_Project_0514\UI_Project_0514\UI\Button.cpp(69,36): warning C4244: '초기화 중': 'float'에서 'LONG'(으)로 변환하면서 데이터가 손실될 수 있습니다.
  (소스 파일 '/UI/Button.cpp'을(를) 컴파일하는 중)
  
C:\Users\admin\Documents\GitHub\UI_Project_0514\UI_Project_0514\UI_Project_0514\UI\Button.cpp(69,46): warning C4838: 'float'에서 'LONG'(으)로의 변환에는 축소 변환이 필요합니다.
  (소스 파일 '/UI/Button.cpp'을(를) 컴파일하는 중)
  
C:\Users\admin\Documents\GitHub\UI_Project_0514\UI_Project_0514\UI_Project_0514\UI\Button.cpp(69,46): warning C4244: '초기화 중': 'float'에서 'LONG'(으)로 변환하면서 데이터가 손실될 수 있습니다.
  (소스 파일 '/UI/Button.cpp'을(를) 컴파일하는 중)
  
C:\Users\admin\Documents\GitHub\UI_Project_0514\UI_Project_0514\UI_Project_0514\UI\Button.cpp(71,41): warning C4267: '인수': 'size_t'에서 'int'(으)로 변환하면서 데이터가 손실될 수 있습니다.
  (소스 파일 '/UI/Button.cpp'을(를) 컴파일하는 중)
  
  Panel.cpp
  UI_Project_0514.cpp
  Input.cpp
  SplitData.cpp
  Timer.cpp
C:\Users\admin\Documents\GitHub\UI_Project_0514\UI_Project_0514\UI_Project_0514\Utility\Timer.cpp(37,42): warning C4267: '인수': 'size_t'에서 'int'(으)로 변환하면서 데이터가 손실될 수 있습니다.
  (소스 파일 '/Utility/Timer.cpp'을(를) 컴파일하는 중)
  
C:\Users\admin\Documents\GitHub\UI_Project_0514\UI_Project_0514\UI_Project_0514\Utility\Timer.cpp(39,43): warning C4267: '인수': 'size_t'에서 'int'(으)로 변환하면서 데이터가 손실될 수 있습니다.
  (소스 파일 '/Utility/Timer.cpp'을(를) 컴파일하는 중)
  
  코드를 생성하고 있습니다...
  UI_Project_0514.vcxproj -> C:\Users\admin\Documents\GitHub\UI_Project_0514\UI_Project_0514\x64\Debug\UI_Project_0514.exe
